#! /usr/share/iverilog-0.9.7/bin/vvp
:ivl_version "0.9.7 " "(v0_9_6)";
:vpi_time_precision + 0;
:vpi_module "system";
:vpi_module "v2005_math";
:vpi_module "va_math";
S_0x1062290 .scope module, "tb_AM2940" "tb_AM2940" 2 3;
 .timescale 0 0;
v0x10cf410_0 .var "It", 2 0;
v0x10cf670_0 .var "acit", 0 0;
v0x10cf740_0 .net "acot", 0 0, L_0x10d0630; 1 drivers
v0x10cf810_0 .net "addroutt", 7 0, L_0x10cfc80; 1 drivers
v0x10cf890_0 .var "clkt", 0 0;
v0x10cf910_0 .var "dataint", 7 0;
v0x10cf990_0 .net "dataoutt", 7 0, v0x10ca500_0; 1 drivers
v0x10cfa60_0 .net "donet", 0 0, v0x10caad0_0; 1 drivers
v0x10cfb80_0 .var "wcit", 0 0;
v0x10cfc00_0 .net "wcot", 0 0, L_0x10d0f30; 1 drivers
S_0x105dd90 .scope module, "DUT" "AM2940" 2 10, 3 10, S_0x1062290;
 .timescale 0 0;
L_0x10cfc80 .functor BUFZ 8, v0x10cca30_0, C4<00000000>, C4<00000000>, C4<00000000>;
v0x10cdd30_0 .net "I", 2 0, v0x10cf410_0; 1 drivers
v0x10cdde0_0 .net "aci", 0 0, v0x10cf670_0; 1 drivers
v0x10cde90_0 .alias "aco", 0 0, v0x10cf740_0;
v0x10cdf40_0 .net "acout", 7 0, v0x10cca30_0; 1 drivers
v0x10cdff0_0 .net "addrmuxout", 7 0, L_0x10cfdc0; 1 drivers
v0x10ce0c0_0 .alias "addrout", 7 0, v0x10cf810_0;
v0x10ce140_0 .net "arout", 7 0, v0x10cdb20_0; 1 drivers
v0x10ce210_0 .net "clk", 0 0, v0x10cf890_0; 1 drivers
v0x10ce2e0_0 .net "crout", 2 0, v0x10caf70_0; 1 drivers
v0x10ce360_0 .net "datain", 7 0, v0x10cf910_0; 1 drivers
v0x10ce470_0 .alias "dataout", 7 0, v0x10cf990_0;
v0x10ce4f0_0 .net "deca", 0 0, v0x10c96f0_0; 1 drivers
v0x10ce570_0 .net "decw", 0 0, v0x10c9790_0; 1 drivers
v0x10ce5f0_0 .alias "done", 0 0, v0x10cfa60_0;
v0x10ce6f0_0 .net "ena", 0 0, v0x10c9840_0; 1 drivers
v0x10ce7c0_0 .net "enw", 0 0, v0x10c98e0_0; 1 drivers
v0x10ce670_0 .net "inca", 0 0, v0x10c99c0_0; 1 drivers
v0x10ce970_0 .net "incw", 0 0, v0x10c9a60_0; 1 drivers
v0x10cea90_0 .net "oedata", 0 0, v0x10c9b50_0; 1 drivers
v0x10ceb10_0 .net "plac", 0 0, v0x10c9bf0_0; 1 drivers
v0x10ce9f0_0 .net "plar", 0 0, v0x10c9cf0_0; 1 drivers
v0x10cec90_0 .net "plcr", 0 0, v0x10c9d90_0; 1 drivers
v0x10cedd0_0 .net "plwc", 0 0, v0x10c9ea0_0; 1 drivers
v0x10cee50_0 .net "plwr", 0 0, v0x10c9f40_0; 1 drivers
v0x10ced10_0 .net "resw", 0 0, v0x10ca060_0; 1 drivers
v0x10ceff0_0 .net "sela", 0 0, v0x10ca100_0; 1 drivers
v0x10cef20_0 .net "seld", 1 0, C4<zz>; 0 drivers
v0x10cf150_0 .net "selw", 0 0, v0x10ca250_0; 1 drivers
v0x10cf0c0_0 .net "wci", 0 0, v0x10cfb80_0; 1 drivers
v0x10cf310_0 .alias "wco", 0 0, v0x10cfc00_0;
v0x10cf1d0_0 .net "wcout", 7 0, v0x10cbb70_0; 1 drivers
v0x10cf490_0 .net "wordmuxout", 7 0, L_0x10cfe60; 1 drivers
v0x10cf390_0 .net "wrout", 7 0, v0x10cd7e0_0; 1 drivers
L_0x10d1070 .part v0x10cf910_0, 0, 3;
L_0x10d1220 .part v0x10caf70_0, 0, 2;
S_0x10cd9b0 .scope module, "address_register_inst" "register" 3 28, 4 1, S_0x105dd90;
 .timescale 0 0;
v0x10cdaa0_0 .alias "clk", 0 0, v0x10ce210_0;
v0x10cdb20_0 .var "dataout", 7 0;
v0x10cdbd0_0 .alias "din", 7 0, v0x10ce360_0;
v0x10cdc50_0 .alias "pl", 0 0, v0x10ce9f0_0;
S_0x10cd5e0 .scope module, "word_count_register_inst" "register" 3 30, 4 1, S_0x105dd90;
 .timescale 0 0;
v0x10cd6d0_0 .alias "clk", 0 0, v0x10ce210_0;
v0x10cd7e0_0 .var "dataout", 7 0;
v0x10cd860_0 .alias "din", 7 0, v0x10ce360_0;
v0x10cd930_0 .alias "pl", 0 0, v0x10cee50_0;
S_0x10cd230 .scope module, "address_mux_inst" "mux1_2" 3 34, 5 1, S_0x105dd90;
 .timescale 0 0;
v0x10cd320_0 .alias "dataout", 7 0, v0x10cdff0_0;
v0x10cd3d0_0 .alias "di0", 7 0, v0x10ce360_0;
v0x10cd480_0 .alias "di1", 7 0, v0x10ce140_0;
v0x10cd500_0 .alias "sel", 0 0, v0x10ceff0_0;
L_0x10cfdc0 .functor MUXZ 8, v0x10cf910_0, v0x10cdb20_0, v0x10ca100_0, C4<>;
S_0x10ccf10 .scope module, "word_count_mux_inst" "mux1_2" 3 36, 5 1, S_0x105dd90;
 .timescale 0 0;
v0x10cd000_0 .alias "dataout", 7 0, v0x10cf490_0;
v0x10cd080_0 .alias "di0", 7 0, v0x10ce360_0;
v0x10cd100_0 .alias "di1", 7 0, v0x10cf390_0;
v0x10cd180_0 .alias "sel", 0 0, v0x10cf150_0;
L_0x10cfe60 .functor MUXZ 8, v0x10cf910_0, v0x10cd7e0_0, v0x10ca250_0, C4<>;
S_0x10cc050 .scope module, "address_counter_inst" "counter" 3 40, 6 1, S_0x105dd90;
 .timescale 0 0;
L_0x10d0030 .functor AND 1, L_0x10cff90, v0x10c99c0_0, C4<1>, C4<1>;
L_0x10d0090 .functor AND 1, L_0x10d0030, v0x10c9840_0, C4<1>, C4<1>;
L_0x10d0140 .functor NOT 1, L_0x10d0090, C4<0>, C4<0>, C4<0>;
L_0x10d02e0 .functor AND 1, L_0x10d01f0, v0x10c96f0_0, C4<1>, C4<1>;
L_0x10d0390 .functor AND 1, L_0x10d02e0, v0x10c9840_0, C4<1>, C4<1>;
L_0x10d04d0 .functor NOT 1, L_0x10d0390, C4<0>, C4<0>, C4<0>;
L_0x10d0530 .functor AND 1, L_0x10d0140, L_0x10d04d0, C4<1>, C4<1>;
L_0x10d0630 .functor OR 1, L_0x10d0530, v0x10cf670_0, C4<0>, C4<0>;
v0x10cc140_0 .net *"_s0", 7 0, C4<11111111>; 1 drivers
v0x10cc1c0_0 .net *"_s10", 7 0, C4<00000000>; 1 drivers
v0x10cc240_0 .net *"_s12", 0 0, L_0x10d01f0; 1 drivers
v0x10cc2c0_0 .net *"_s14", 0 0, L_0x10d02e0; 1 drivers
v0x10cc340_0 .net *"_s16", 0 0, L_0x10d0390; 1 drivers
v0x10cc3e0_0 .net *"_s18", 0 0, L_0x10d04d0; 1 drivers
v0x10cc480_0 .net *"_s2", 0 0, L_0x10cff90; 1 drivers
v0x10cc520_0 .net *"_s20", 0 0, L_0x10d0530; 1 drivers
v0x10cc610_0 .net *"_s4", 0 0, L_0x10d0030; 1 drivers
v0x10cc6b0_0 .net *"_s6", 0 0, L_0x10d0090; 1 drivers
v0x10cc750_0 .net *"_s8", 0 0, L_0x10d0140; 1 drivers
v0x10cc7f0_0 .alias "cin", 0 0, v0x10cdde0_0;
v0x10cc890_0 .alias "clk", 0 0, v0x10ce210_0;
v0x10cc910_0 .alias "co", 0 0, v0x10cf740_0;
v0x10cca30_0 .var "dataout", 7 0;
v0x10ccab0_0 .alias "dec", 0 0, v0x10ce4f0_0;
v0x10cc990_0 .alias "di", 7 0, v0x10cdff0_0;
v0x10ccbc0_0 .alias "enc", 0 0, v0x10ce6f0_0;
v0x10ccce0_0 .alias "inc", 0 0, v0x10ce670_0;
v0x10ccd60_0 .alias "pl", 0 0, v0x10ceb10_0;
v0x10cce90_0 .net "reset", 0 0, C4<0>; 1 drivers
L_0x10cff90 .cmp/eeq 8, v0x10cca30_0, C4<11111111>;
L_0x10d01f0 .cmp/eeq 8, v0x10cca30_0, C4<00000000>;
S_0x10cb120 .scope module, "word_count_counter_inst" "counter" 3 42, 6 1, S_0x105dd90;
 .timescale 0 0;
L_0x10d0860 .functor AND 1, L_0x10d0730, v0x10c9a60_0, C4<1>, C4<1>;
L_0x10d0910 .functor AND 1, L_0x10d0860, v0x10c98e0_0, C4<1>, C4<1>;
L_0x10d09c0 .functor NOT 1, L_0x10d0910, C4<0>, C4<0>, C4<0>;
L_0x10d0ba0 .functor AND 1, L_0x10d0ab0, v0x10c9790_0, C4<1>, C4<1>;
L_0x10d0c50 .functor AND 1, L_0x10d0ba0, v0x10c98e0_0, C4<1>, C4<1>;
L_0x10d0d90 .functor NOT 1, L_0x10d0c50, C4<0>, C4<0>, C4<0>;
L_0x10d0e30 .functor AND 1, L_0x10d09c0, L_0x10d0d90, C4<1>, C4<1>;
L_0x10d0f30 .functor OR 1, L_0x10d0e30, v0x10cfb80_0, C4<0>, C4<0>;
v0x10cb210_0 .net *"_s0", 7 0, C4<11111111>; 1 drivers
v0x10cb290_0 .net *"_s10", 7 0, C4<00000000>; 1 drivers
v0x10cb330_0 .net *"_s12", 0 0, L_0x10d0ab0; 1 drivers
v0x10cb3d0_0 .net *"_s14", 0 0, L_0x10d0ba0; 1 drivers
v0x10cb480_0 .net *"_s16", 0 0, L_0x10d0c50; 1 drivers
v0x10cb520_0 .net *"_s18", 0 0, L_0x10d0d90; 1 drivers
v0x10cb600_0 .net *"_s2", 0 0, L_0x10d0730; 1 drivers
v0x10cb6a0_0 .net *"_s20", 0 0, L_0x10d0e30; 1 drivers
v0x10cb790_0 .net *"_s4", 0 0, L_0x10d0860; 1 drivers
v0x10cb830_0 .net *"_s6", 0 0, L_0x10d0910; 1 drivers
v0x10cb8d0_0 .net *"_s8", 0 0, L_0x10d09c0; 1 drivers
v0x10cb970_0 .alias "cin", 0 0, v0x10cf0c0_0;
v0x10cb9f0_0 .alias "clk", 0 0, v0x10ce210_0;
v0x10cba70_0 .alias "co", 0 0, v0x10cfc00_0;
v0x10cbb70_0 .var "dataout", 7 0;
v0x10cbc40_0 .alias "dec", 0 0, v0x10ce570_0;
v0x10cbaf0_0 .alias "di", 7 0, v0x10cf490_0;
v0x10cbd50_0 .alias "enc", 0 0, v0x10ce7c0_0;
v0x10cbcc0_0 .alias "inc", 0 0, v0x10ce970_0;
v0x10cbea0_0 .alias "pl", 0 0, v0x10ceb10_0;
v0x10cbfd0_0 .alias "reset", 0 0, v0x10ced10_0;
L_0x10d0730 .cmp/eeq 8, v0x10cbb70_0, C4<11111111>;
L_0x10d0ab0 .cmp/eeq 8, v0x10cbb70_0, C4<00000000>;
S_0x10cad70 .scope module, "control_register_inst" "control_register" 3 45, 7 1, S_0x105dd90;
 .timescale 0 0;
v0x10caea0_0 .alias "clk", 0 0, v0x10ce210_0;
v0x10caf70_0 .var "dataout", 2 0;
v0x10caff0_0 .net "din", 2 0, L_0x10d1070; 1 drivers
v0x10cb070_0 .alias "plcr", 0 0, v0x10cec90_0;
E_0x10cabd0 .event posedge, v0x10ca460_0;
S_0x10ca820 .scope module, "done_gen_inst" "done_gen" 3 48, 8 1, S_0x105dd90;
 .timescale 0 0;
v0x10ca960_0 .alias "cinw", 0 0, v0x10cf0c0_0;
v0x10caa20_0 .alias "doac", 7 0, v0x10cdf40_0;
v0x10caad0_0 .var "done", 0 0;
v0x10cab50_0 .alias "dowc", 7 0, v0x10cf1d0_0;
v0x10cac30_0 .alias "dowr", 7 0, v0x10cf390_0;
v0x10cacb0_0 .net "mode", 1 0, L_0x10d1220; 1 drivers
E_0x10ca6c0/0 .event edge, v0x10cacb0_0, v0x10ca960_0, v0x10cac30_0, v0x10ca640_0;
E_0x10ca6c0/1 .event edge, v0x10ca5a0_0;
E_0x10ca6c0 .event/or E_0x10ca6c0/0, E_0x10ca6c0/1;
S_0x10ca370 .scope module, "datamux_inst" "mux1_3" 3 52, 9 1, S_0x105dd90;
 .timescale 0 0;
v0x10ca460_0 .alias "clk", 0 0, v0x10ce210_0;
v0x10ca500_0 .var "dataout", 7 0;
v0x10ca5a0_0 .alias "di0", 7 0, v0x10cdf40_0;
v0x10ca640_0 .alias "di1", 7 0, v0x10cf1d0_0;
v0x10ca6f0_0 .alias "di2", 2 0, v0x10ce2e0_0;
v0x10ca7a0_0 .alias "seld", 1 0, v0x10cef20_0;
E_0x10c9810 .event edge, v0x10ca7a0_0, v0x1071b80_0, v0x10ca640_0, v0x10ca5a0_0;
S_0x105e8b0 .scope module, "instruction_decoder_inst" "instruction_decoder" 3 55, 10 1, S_0x105dd90;
 .timescale 0 0;
v0x1071b80_0 .alias "CR", 2 0, v0x10ce2e0_0;
v0x10c9650_0 .alias "I", 2 0, v0x10cdd30_0;
v0x10c96f0_0 .var "deca", 0 0;
v0x10c9790_0 .var "decw", 0 0;
v0x10c9840_0 .var "ena", 0 0;
v0x10c98e0_0 .var "enw", 0 0;
v0x10c99c0_0 .var "inca", 0 0;
v0x10c9a60_0 .var "incw", 0 0;
v0x10c9b50_0 .var "oedata", 0 0;
v0x10c9bf0_0 .var "plac", 0 0;
v0x10c9cf0_0 .var "plar", 0 0;
v0x10c9d90_0 .var "plcr", 0 0;
v0x10c9ea0_0 .var "plwc", 0 0;
v0x10c9f40_0 .var "plwr", 0 0;
v0x10ca060_0 .var "resw", 0 0;
v0x10ca100_0 .var "sela", 0 0;
v0x10c9fc0_0 .var "seld", 1 0;
v0x10ca250_0 .var "selw", 0 0;
E_0x105df10 .event edge, v0x1071b80_0, v0x10c9650_0;
    .scope S_0x10cd9b0;
T_0 ;
    %wait E_0x10cabd0;
    %load/v 8, v0x10cdc50_0, 1;
    %jmp/0xz  T_0.0, 8;
    %load/v 8, v0x10cdbd0_0, 8;
    %ix/load 0, 8, 0;
    %assign/v0 v0x10cdb20_0, 0, 8;
T_0.0 ;
    %jmp T_0;
    .thread T_0;
    .scope S_0x10cd5e0;
T_1 ;
    %wait E_0x10cabd0;
    %load/v 8, v0x10cd930_0, 1;
    %jmp/0xz  T_1.0, 8;
    %load/v 8, v0x10cd860_0, 8;
    %ix/load 0, 8, 0;
    %assign/v0 v0x10cd7e0_0, 0, 8;
T_1.0 ;
    %jmp T_1;
    .thread T_1;
    .scope S_0x10cc050;
T_2 ;
    %wait E_0x10cabd0;
    %load/v 8, v0x10cce90_0, 1;
    %jmp/0xz  T_2.0, 8;
    %ix/load 0, 8, 0;
    %assign/v0 v0x10cca30_0, 0, 0;
    %jmp T_2.1;
T_2.0 ;
    %load/v 8, v0x10ccd60_0, 1;
    %jmp/0xz  T_2.2, 8;
    %load/v 8, v0x10cc990_0, 8;
    %ix/load 0, 8, 0;
    %assign/v0 v0x10cca30_0, 0, 8;
    %jmp T_2.3;
T_2.2 ;
    %load/v 8, v0x10ccbc0_0, 1;
    %jmp/0xz  T_2.4, 8;
    %load/v 8, v0x10ccce0_0, 1;
    %load/v 9, v0x10cc7f0_0, 1;
    %inv 9, 1;
    %and 8, 9, 1;
    %jmp/0xz  T_2.6, 8;
    %load/v 8, v0x10cca30_0, 8;
    %mov 16, 0, 24;
    %addi 8, 1, 32;
    %ix/load 0, 8, 0;
    %assign/v0 v0x10cca30_0, 0, 8;
    %jmp T_2.7;
T_2.6 ;
    %load/v 8, v0x10ccab0_0, 1;
    %load/v 9, v0x10cc7f0_0, 1;
    %inv 9, 1;
    %and 8, 9, 1;
    %jmp/0xz  T_2.8, 8;
    %load/v 8, v0x10cca30_0, 8;
    %mov 16, 0, 24;
    %subi 8, 1, 32;
    %ix/load 0, 8, 0;
    %assign/v0 v0x10cca30_0, 0, 8;
T_2.8 ;
T_2.7 ;
T_2.4 ;
T_2.3 ;
T_2.1 ;
    %jmp T_2;
    .thread T_2;
    .scope S_0x10cb120;
T_3 ;
    %wait E_0x10cabd0;
    %load/v 8, v0x10cbfd0_0, 1;
    %jmp/0xz  T_3.0, 8;
    %ix/load 0, 8, 0;
    %assign/v0 v0x10cbb70_0, 0, 0;
    %jmp T_3.1;
T_3.0 ;
    %load/v 8, v0x10cbea0_0, 1;
    %jmp/0xz  T_3.2, 8;
    %load/v 8, v0x10cbaf0_0, 8;
    %ix/load 0, 8, 0;
    %assign/v0 v0x10cbb70_0, 0, 8;
    %jmp T_3.3;
T_3.2 ;
    %load/v 8, v0x10cbd50_0, 1;
    %jmp/0xz  T_3.4, 8;
    %load/v 8, v0x10cbcc0_0, 1;
    %load/v 9, v0x10cb970_0, 1;
    %inv 9, 1;
    %and 8, 9, 1;
    %jmp/0xz  T_3.6, 8;
    %load/v 8, v0x10cbb70_0, 8;
    %mov 16, 0, 24;
    %addi 8, 1, 32;
    %ix/load 0, 8, 0;
    %assign/v0 v0x10cbb70_0, 0, 8;
    %jmp T_3.7;
T_3.6 ;
    %load/v 8, v0x10cbc40_0, 1;
    %load/v 9, v0x10cb970_0, 1;
    %inv 9, 1;
    %and 8, 9, 1;
    %jmp/0xz  T_3.8, 8;
    %load/v 8, v0x10cbb70_0, 8;
    %mov 16, 0, 24;
    %subi 8, 1, 32;
    %ix/load 0, 8, 0;
    %assign/v0 v0x10cbb70_0, 0, 8;
T_3.8 ;
T_3.7 ;
T_3.4 ;
T_3.3 ;
T_3.1 ;
    %jmp T_3;
    .thread T_3;
    .scope S_0x10cad70;
T_4 ;
    %wait E_0x10cabd0;
    %load/v 8, v0x10cb070_0, 1;
    %jmp/0xz  T_4.0, 8;
    %load/v 8, v0x10caff0_0, 3;
    %ix/load 0, 3, 0;
    %assign/v0 v0x10caf70_0, 0, 8;
T_4.0 ;
    %jmp T_4;
    .thread T_4;
    .scope S_0x10ca820;
T_5 ;
    %wait E_0x10ca6c0;
    %load/v 8, v0x10ca960_0, 1;
    %load/v 9, v0x10cacb0_0, 2;
    %cmp/x 8, 0, 3;
    %jmp/1 T_5.0, 4;
    %movi 11, 1, 3;
    %cmp/x 8, 11, 3;
    %jmp/1 T_5.1, 4;
    %movi 11, 2, 3;
    %cmp/x 8, 11, 3;
    %jmp/1 T_5.2, 4;
    %movi 11, 3, 3;
    %cmp/x 8, 11, 3;
    %jmp/1 T_5.3, 4;
    %mov 11, 2, 1;
    %movi 12, 2, 2;
    %cmp/x 8, 11, 3;
    %jmp/1 T_5.4, 4;
    %mov 14, 2, 1;
    %movi 15, 3, 2;
    %cmp/x 8, 14, 3;
    %jmp/1 T_5.5, 4;
    %jmp T_5.6;
T_5.0 ;
    %load/v 8, v0x10cab50_0, 8;
    %cmpi/u 8, 1, 8;
    %mov 8, 6, 1;
    %set/v v0x10caad0_0, 8, 1;
    %jmp T_5.6;
T_5.1 ;
    %load/v 8, v0x10cab50_0, 8;
    %inv 8, 8;
    %set/v v0x10caad0_0, 8, 1;
    %jmp T_5.6;
T_5.2 ;
    %load/v 8, v0x10cab50_0, 8;
    %mov 16, 0, 24;
    %addi 8, 1, 32;
    %load/v 40, v0x10cac30_0, 8;
    %mov 48, 0, 24;
    %cmp/u 8, 40, 32;
    %mov 8, 6, 1;
    %set/v v0x10caad0_0, 8, 1;
    %jmp T_5.6;
T_5.3 ;
    %load/v 8, v0x10cab50_0, 8;
    %load/v 16, v0x10cac30_0, 8;
    %cmp/u 8, 16, 8;
    %mov 8, 6, 1;
    %set/v v0x10caad0_0, 8, 1;
    %jmp T_5.6;
T_5.4 ;
    %load/v 8, v0x10cab50_0, 8;
    %load/v 16, v0x10caa20_0, 8;
    %cmp/u 8, 16, 8;
    %mov 8, 6, 1;
    %set/v v0x10caad0_0, 8, 1;
    %jmp T_5.6;
T_5.5 ;
    %set/v v0x10caad0_0, 0, 1;
    %jmp T_5.6;
T_5.6 ;
    %jmp T_5;
    .thread T_5, $push;
    .scope S_0x10ca370;
T_6 ;
    %wait E_0x10c9810;
    %load/v 8, v0x10ca7a0_0, 2;
    %cmp/x 8, 0, 2;
    %jmp/1 T_6.0, 4;
    %movi 10, 1, 2;
    %cmp/x 8, 10, 2;
    %jmp/1 T_6.1, 4;
    %mov 10, 2, 1;
    %movi 11, 1, 1;
    %cmp/x 8, 10, 2;
    %jmp/1 T_6.2, 4;
    %jmp T_6.3;
T_6.0 ;
    %load/v 8, v0x10ca5a0_0, 8;
    %set/v v0x10ca500_0, 8, 8;
    %jmp T_6.3;
T_6.1 ;
    %load/v 8, v0x10ca640_0, 8;
    %set/v v0x10ca500_0, 8, 8;
    %jmp T_6.3;
T_6.2 ;
    %load/v 8, v0x10ca6f0_0, 3;
    %mov 11, 1, 5;
    %set/v v0x10ca500_0, 8, 8;
    %jmp T_6.3;
T_6.3 ;
    %jmp T_6;
    .thread T_6, $push;
    .scope S_0x105e8b0;
T_7 ;
    %wait E_0x105df10;
    %load/v 8, v0x1071b80_0, 3;
    %load/v 11, v0x10c9650_0, 3;
    %mov 14, 2, 3;
    %movi 17, 0, 3;
    %cmp/x 8, 14, 6;
    %jmp/1 T_7.0, 4;
    %mov 20, 2, 3;
    %movi 23, 1, 3;
    %cmp/x 8, 20, 6;
    %jmp/1 T_7.1, 4;
    %mov 26, 2, 3;
    %movi 29, 2, 3;
    %cmp/x 8, 26, 6;
    %jmp/1 T_7.2, 4;
    %mov 32, 2, 3;
    %movi 35, 3, 3;
    %cmp/x 8, 32, 6;
    %jmp/1 T_7.3, 4;
    %movi 38, 0, 1;
    %mov 39, 2, 2;
    %movi 41, 4, 3;
    %cmp/x 8, 38, 6;
    %jmp/1 T_7.4, 4;
    %movi 44, 3, 2;
    %mov 46, 2, 1;
    %movi 47, 4, 3;
    %cmp/x 8, 44, 6;
    %jmp/1 T_7.5, 4;
    %movi 50, 1, 2;
    %mov 52, 2, 1;
    %movi 53, 4, 3;
    %cmp/x 8, 50, 6;
    %jmp/1 T_7.6, 4;
    %mov 56, 2, 3;
    %movi 59, 5, 3;
    %cmp/x 8, 56, 6;
    %jmp/1 T_7.7, 4;
    %movi 62, 0, 1;
    %mov 63, 2, 2;
    %movi 65, 6, 3;
    %cmp/x 8, 62, 6;
    %jmp/1 T_7.8, 4;
    %movi 68, 3, 2;
    %mov 70, 2, 1;
    %movi 71, 6, 3;
    %cmp/x 8, 68, 6;
    %jmp/1 T_7.9, 4;
    %movi 74, 1, 2;
    %mov 76, 2, 1;
    %movi 77, 6, 3;
    %cmp/x 8, 74, 6;
    %jmp/1 T_7.10, 4;
    %movi 80, 56, 6;
    %cmp/x 8, 80, 6;
    %jmp/1 T_7.11, 4;
    %movi 80, 1, 1;
    %mov 81, 2, 1;
    %movi 82, 14, 4;
    %cmp/x 8, 80, 6;
    %jmp/1 T_7.12, 4;
    %movi 86, 58, 6;
    %cmp/x 8, 86, 6;
    %jmp/1 T_7.13, 4;
    %movi 86, 60, 6;
    %cmp/x 8, 86, 6;
    %jmp/1 T_7.14, 4;
    %movi 86, 1, 1;
    %mov 87, 2, 1;
    %movi 88, 15, 4;
    %cmp/x 8, 86, 6;
    %jmp/1 T_7.15, 4;
    %movi 92, 1, 1;
    %mov 93, 2, 1;
    %movi 94, 15, 4;
    %cmp/x 8, 92, 6;
    %jmp/1 T_7.16, 4;
    %jmp T_7.17;
T_7.0 ;
    %set/v v0x10c9cf0_0, 0, 1;
    %set/v v0x10c9f40_0, 0, 1;
    %set/v v0x10ca100_0, 2, 1;
    %set/v v0x10ca250_0, 2, 1;
    %set/v v0x10c9d90_0, 1, 1;
    %set/v v0x10c9fc0_0, 2, 2;
    %set/v v0x10c9bf0_0, 0, 1;
    %set/v v0x10c9840_0, 0, 1;
    %set/v v0x10c99c0_0, 0, 1;
    %set/v v0x10c96f0_0, 0, 1;
    %set/v v0x10ca060_0, 0, 1;
    %set/v v0x10c9ea0_0, 0, 1;
    %set/v v0x10c98e0_0, 0, 1;
    %set/v v0x10c9a60_0, 0, 1;
    %set/v v0x10c9790_0, 0, 1;
    %set/v v0x10c9b50_0, 0, 1;
    %jmp T_7.17;
T_7.1 ;
    %set/v v0x10c9cf0_0, 0, 1;
    %set/v v0x10c9f40_0, 0, 1;
    %set/v v0x10ca100_0, 2, 1;
    %set/v v0x10ca250_0, 2, 1;
    %set/v v0x10c9d90_0, 0, 1;
    %mov 8, 2, 1;
    %movi 9, 1, 1;
    %set/v v0x10c9fc0_0, 8, 2;
    %set/v v0x10c9bf0_0, 0, 1;
    %set/v v0x10c9840_0, 0, 1;
    %set/v v0x10c99c0_0, 0, 1;
    %set/v v0x10c96f0_0, 0, 1;
    %set/v v0x10ca060_0, 0, 1;
    %set/v v0x10c9ea0_0, 0, 1;
    %set/v v0x10c98e0_0, 0, 1;
    %set/v v0x10c9a60_0, 0, 1;
    %set/v v0x10c9790_0, 0, 1;
    %set/v v0x10c9b50_0, 1, 1;
    %jmp T_7.17;
T_7.2 ;
    %set/v v0x10c9cf0_0, 0, 1;
    %set/v v0x10c9f40_0, 0, 1;
    %set/v v0x10ca100_0, 2, 1;
    %set/v v0x10ca250_0, 2, 1;
    %set/v v0x10c9d90_0, 0, 1;
    %movi 8, 1, 2;
    %set/v v0x10c9fc0_0, 8, 2;
    %set/v v0x10c9bf0_0, 0, 1;
    %set/v v0x10c9840_0, 0, 1;
    %set/v v0x10c99c0_0, 0, 1;
    %set/v v0x10c96f0_0, 0, 1;
    %set/v v0x10ca060_0, 0, 1;
    %set/v v0x10c9ea0_0, 0, 1;
    %set/v v0x10c98e0_0, 0, 1;
    %set/v v0x10c9a60_0, 0, 1;
    %set/v v0x10c9790_0, 0, 1;
    %set/v v0x10c9b50_0, 1, 1;
    %jmp T_7.17;
T_7.3 ;
    %set/v v0x10c9cf0_0, 0, 1;
    %set/v v0x10c9f40_0, 0, 1;
    %set/v v0x10ca100_0, 2, 1;
    %set/v v0x10ca250_0, 2, 1;
    %set/v v0x10c9d90_0, 0, 1;
    %set/v v0x10c9fc0_0, 0, 2;
    %set/v v0x10c9bf0_0, 0, 1;
    %set/v v0x10c9840_0, 0, 1;
    %set/v v0x10c99c0_0, 0, 1;
    %set/v v0x10c96f0_0, 0, 1;
    %set/v v0x10ca060_0, 0, 1;
    %set/v v0x10c9ea0_0, 0, 1;
    %set/v v0x10c98e0_0, 0, 1;
    %set/v v0x10c9a60_0, 0, 1;
    %set/v v0x10c9790_0, 0, 1;
    %set/v v0x10c9b50_0, 1, 1;
    %jmp T_7.17;
T_7.4 ;
    %set/v v0x10c9cf0_0, 0, 1;
    %set/v v0x10c9f40_0, 0, 1;
    %set/v v0x10ca100_0, 1, 1;
    %set/v v0x10ca250_0, 1, 1;
    %set/v v0x10c9d90_0, 0, 1;
    %set/v v0x10c9fc0_0, 2, 2;
    %set/v v0x10c9bf0_0, 1, 1;
    %set/v v0x10c9840_0, 0, 1;
    %set/v v0x10c99c0_0, 0, 1;
    %set/v v0x10c96f0_0, 0, 1;
    %set/v v0x10ca060_0, 0, 1;
    %set/v v0x10c9ea0_0, 1, 1;
    %set/v v0x10c98e0_0, 0, 1;
    %set/v v0x10c9a60_0, 0, 1;
    %set/v v0x10c9790_0, 0, 1;
    %set/v v0x10c9b50_0, 0, 1;
    %jmp T_7.17;
T_7.5 ;
    %set/v v0x10c9cf0_0, 0, 1;
    %set/v v0x10c9f40_0, 0, 1;
    %set/v v0x10ca100_0, 1, 1;
    %set/v v0x10ca250_0, 1, 1;
    %set/v v0x10c9d90_0, 0, 1;
    %set/v v0x10c9fc0_0, 2, 2;
    %set/v v0x10c9bf0_0, 1, 1;
    %set/v v0x10c9840_0, 0, 1;
    %set/v v0x10c99c0_0, 0, 1;
    %set/v v0x10c96f0_0, 0, 1;
    %set/v v0x10ca060_0, 0, 1;
    %set/v v0x10c9ea0_0, 1, 1;
    %set/v v0x10c98e0_0, 0, 1;
    %set/v v0x10c9a60_0, 0, 1;
    %set/v v0x10c9790_0, 0, 1;
    %set/v v0x10c9b50_0, 0, 1;
    %jmp T_7.17;
T_7.6 ;
    %set/v v0x10c9cf0_0, 0, 1;
    %set/v v0x10c9f40_0, 0, 1;
    %set/v v0x10ca100_0, 1, 1;
    %set/v v0x10ca250_0, 2, 1;
    %set/v v0x10c9d90_0, 0, 1;
    %set/v v0x10c9fc0_0, 2, 2;
    %set/v v0x10c9bf0_0, 1, 1;
    %set/v v0x10c9840_0, 0, 1;
    %set/v v0x10c99c0_0, 0, 1;
    %set/v v0x10c96f0_0, 0, 1;
    %set/v v0x10ca060_0, 1, 1;
    %set/v v0x10c9ea0_0, 0, 1;
    %set/v v0x10c98e0_0, 0, 1;
    %set/v v0x10c9a60_0, 0, 1;
    %set/v v0x10c9790_0, 0, 1;
    %set/v v0x10c9b50_0, 0, 1;
    %jmp T_7.17;
T_7.7 ;
    %set/v v0x10c9cf0_0, 1, 1;
    %set/v v0x10c9f40_0, 0, 1;
    %set/v v0x10ca100_0, 0, 1;
    %set/v v0x10ca250_0, 2, 1;
    %set/v v0x10c9d90_0, 0, 1;
    %set/v v0x10c9fc0_0, 2, 2;
    %set/v v0x10c9bf0_0, 1, 1;
    %set/v v0x10c9840_0, 0, 1;
    %set/v v0x10c99c0_0, 0, 1;
    %set/v v0x10c96f0_0, 0, 1;
    %set/v v0x10ca060_0, 0, 1;
    %set/v v0x10c9ea0_0, 0, 1;
    %set/v v0x10c98e0_0, 0, 1;
    %set/v v0x10c9a60_0, 0, 1;
    %set/v v0x10c9790_0, 0, 1;
    %set/v v0x10c9b50_0, 0, 1;
    %jmp T_7.17;
T_7.8 ;
    %set/v v0x10c9cf0_0, 0, 1;
    %set/v v0x10c9f40_0, 1, 1;
    %set/v v0x10ca100_0, 2, 1;
    %set/v v0x10ca250_0, 0, 1;
    %set/v v0x10c9d90_0, 0, 1;
    %set/v v0x10c9fc0_0, 2, 2;
    %set/v v0x10c9bf0_0, 0, 1;
    %set/v v0x10c9840_0, 0, 1;
    %set/v v0x10c99c0_0, 0, 1;
    %set/v v0x10c96f0_0, 0, 1;
    %set/v v0x10ca060_0, 0, 1;
    %set/v v0x10c9ea0_0, 1, 1;
    %set/v v0x10c98e0_0, 0, 1;
    %set/v v0x10c9a60_0, 0, 1;
    %set/v v0x10c9790_0, 0, 1;
    %set/v v0x10c9b50_0, 0, 1;
    %jmp T_7.17;
T_7.9 ;
    %set/v v0x10c9cf0_0, 0, 1;
    %set/v v0x10c9f40_0, 1, 1;
    %set/v v0x10ca100_0, 2, 1;
    %set/v v0x10ca250_0, 0, 1;
    %set/v v0x10c9d90_0, 0, 1;
    %set/v v0x10c9fc0_0, 2, 2;
    %set/v v0x10c9bf0_0, 0, 1;
    %set/v v0x10c9840_0, 0, 1;
    %set/v v0x10c99c0_0, 0, 1;
    %set/v v0x10c96f0_0, 0, 1;
    %set/v v0x10ca060_0, 0, 1;
    %set/v v0x10c9ea0_0, 1, 1;
    %set/v v0x10c98e0_0, 0, 1;
    %set/v v0x10c9a60_0, 0, 1;
    %set/v v0x10c9790_0, 0, 1;
    %set/v v0x10c9b50_0, 0, 1;
    %jmp T_7.17;
T_7.10 ;
    %set/v v0x10c9cf0_0, 0, 1;
    %set/v v0x10c9f40_0, 1, 1;
    %set/v v0x10ca100_0, 2, 1;
    %set/v v0x10ca250_0, 2, 1;
    %set/v v0x10c9d90_0, 0, 1;
    %set/v v0x10c9fc0_0, 2, 2;
    %set/v v0x10c9bf0_0, 0, 1;
    %set/v v0x10c9840_0, 0, 1;
    %set/v v0x10c99c0_0, 0, 1;
    %set/v v0x10c96f0_0, 0, 1;
    %set/v v0x10ca060_0, 1, 1;
    %set/v v0x10c9ea0_0, 0, 1;
    %set/v v0x10c98e0_0, 0, 1;
    %set/v v0x10c9a60_0, 0, 1;
    %set/v v0x10c9790_0, 0, 1;
    %set/v v0x10c9b50_0, 0, 1;
    %jmp T_7.17;
T_7.11 ;
    %set/v v0x10c9cf0_0, 0, 1;
    %set/v v0x10c9f40_0, 0, 1;
    %set/v v0x10ca100_0, 2, 1;
    %set/v v0x10ca250_0, 2, 1;
    %set/v v0x10c9d90_0, 0, 1;
    %set/v v0x10c9fc0_0, 2, 2;
    %set/v v0x10c9bf0_0, 0, 1;
    %set/v v0x10c9840_0, 1, 1;
    %set/v v0x10c99c0_0, 1, 1;
    %set/v v0x10c96f0_0, 0, 1;
    %set/v v0x10ca060_0, 0, 1;
    %set/v v0x10c9ea0_0, 0, 1;
    %set/v v0x10c98e0_0, 1, 1;
    %set/v v0x10c9a60_0, 0, 1;
    %set/v v0x10c9790_0, 1, 1;
    %set/v v0x10c9b50_0, 0, 1;
    %jmp T_7.17;
T_7.12 ;
    %set/v v0x10c9cf0_0, 0, 1;
    %set/v v0x10c9f40_0, 0, 1;
    %set/v v0x10ca100_0, 2, 1;
    %set/v v0x10ca250_0, 2, 1;
    %set/v v0x10c9d90_0, 0, 1;
    %set/v v0x10c9fc0_0, 2, 2;
    %set/v v0x10c9bf0_0, 0, 1;
    %set/v v0x10c9840_0, 1, 1;
    %set/v v0x10c99c0_0, 1, 1;
    %set/v v0x10c96f0_0, 0, 1;
    %set/v v0x10ca060_0, 0, 1;
    %set/v v0x10c9ea0_0, 0, 1;
    %set/v v0x10c98e0_0, 1, 1;
    %set/v v0x10c9a60_0, 1, 1;
    %set/v v0x10c9790_0, 0, 1;
    %set/v v0x10c9b50_0, 0, 1;
    %jmp T_7.17;
T_7.13 ;
    %set/v v0x10c9cf0_0, 0, 1;
    %set/v v0x10c9f40_0, 0, 1;
    %set/v v0x10ca100_0, 2, 1;
    %set/v v0x10ca250_0, 2, 1;
    %set/v v0x10c9d90_0, 0, 1;
    %set/v v0x10c9fc0_0, 2, 2;
    %set/v v0x10c9bf0_0, 0, 1;
    %set/v v0x10c9840_0, 1, 1;
    %set/v v0x10c99c0_0, 1, 1;
    %set/v v0x10c96f0_0, 0, 1;
    %set/v v0x10ca060_0, 0, 1;
    %set/v v0x10c9ea0_0, 0, 1;
    %set/v v0x10c98e0_0, 0, 1;
    %set/v v0x10c9a60_0, 0, 1;
    %set/v v0x10c9790_0, 0, 1;
    %set/v v0x10c9b50_0, 0, 1;
    %jmp T_7.17;
T_7.14 ;
    %set/v v0x10c9cf0_0, 0, 1;
    %set/v v0x10c9f40_0, 0, 1;
    %set/v v0x10ca100_0, 2, 1;
    %set/v v0x10ca250_0, 2, 1;
    %set/v v0x10c9d90_0, 0, 1;
    %set/v v0x10c9fc0_0, 2, 2;
    %set/v v0x10c9bf0_0, 0, 1;
    %set/v v0x10c9840_0, 1, 1;
    %set/v v0x10c99c0_0, 0, 1;
    %set/v v0x10c96f0_0, 1, 1;
    %set/v v0x10ca060_0, 0, 1;
    %set/v v0x10c9ea0_0, 0, 1;
    %set/v v0x10c98e0_0, 1, 1;
    %set/v v0x10c9a60_0, 0, 1;
    %set/v v0x10c9790_0, 1, 1;
    %set/v v0x10c9b50_0, 0, 1;
    %jmp T_7.17;
T_7.15 ;
    %set/v v0x10c9cf0_0, 0, 1;
    %set/v v0x10c9f40_0, 0, 1;
    %set/v v0x10ca100_0, 2, 1;
    %set/v v0x10ca250_0, 2, 1;
    %set/v v0x10c9d90_0, 0, 1;
    %set/v v0x10c9fc0_0, 2, 2;
    %set/v v0x10c9bf0_0, 0, 1;
    %set/v v0x10c9840_0, 1, 1;
    %set/v v0x10c99c0_0, 0, 1;
    %set/v v0x10c96f0_0, 1, 1;
    %set/v v0x10ca060_0, 0, 1;
    %set/v v0x10c9ea0_0, 0, 1;
    %set/v v0x10c98e0_0, 1, 1;
    %set/v v0x10c9a60_0, 1, 1;
    %set/v v0x10c9790_0, 0, 1;
    %set/v v0x10c9b50_0, 0, 1;
    %jmp T_7.17;
T_7.16 ;
    %set/v v0x10c9cf0_0, 0, 1;
    %set/v v0x10c9f40_0, 0, 1;
    %set/v v0x10ca100_0, 2, 1;
    %set/v v0x10ca250_0, 2, 1;
    %set/v v0x10c9d90_0, 0, 1;
    %set/v v0x10c9fc0_0, 2, 2;
    %set/v v0x10c9bf0_0, 0, 1;
    %set/v v0x10c9840_0, 1, 1;
    %set/v v0x10c99c0_0, 0, 1;
    %set/v v0x10c96f0_0, 1, 1;
    %set/v v0x10ca060_0, 0, 1;
    %set/v v0x10c9ea0_0, 0, 1;
    %set/v v0x10c98e0_0, 0, 1;
    %set/v v0x10c9a60_0, 0, 1;
    %set/v v0x10c9790_0, 0, 1;
    %set/v v0x10c9b50_0, 0, 1;
    %jmp T_7.17;
T_7.17 ;
    %jmp T_7;
    .thread T_7, $push;
    .scope S_0x1062290;
T_8 ;
    %delay 0, 0;
    %set/v v0x10cf890_0, 0, 1;
T_8.0 ;
    %delay 5, 0;
    %load/v 8, v0x10cf890_0, 1;
    %inv 8, 1;
    %set/v v0x10cf890_0, 8, 1;
    %jmp T_8.0;
    %end;
    .thread T_8;
    .scope S_0x1062290;
T_9 ;
    %delay 0, 0;
    %movi 8, 163, 8;
    %set/v v0x10cf910_0, 8, 8;
    %delay 5, 0;
    %movi 8, 6, 8;
    %set/v v0x10cf910_0, 8, 8;
    %set/v v0x10cf410_0, 0, 3;
    %set/v v0x10cf670_0, 0, 1;
    %set/v v0x10cfb80_0, 0, 1;
    %delay 10, 0;
    %movi 8, 1, 3;
    %set/v v0x10cf410_0, 8, 3;
    %delay 10, 0;
    %movi 8, 6, 3;
    %set/v v0x10cf410_0, 8, 3;
    %movi 8, 170, 8;
    %set/v v0x10cf910_0, 8, 8;
    %delay 10, 0;
    %movi 8, 5, 3;
    %set/v v0x10cf410_0, 8, 3;
    %delay 10, 0;
    %movi 8, 3, 3;
    %set/v v0x10cf410_0, 8, 3;
    %delay 10, 0;
    %set/v v0x10cf410_0, 0, 3;
    %set/v v0x10cf910_0, 0, 8;
    %delay 10, 0;
    %set/v v0x10cf410_0, 1, 3;
    %delay 10, 0;
    %movi 8, 4, 3;
    %set/v v0x10cf410_0, 8, 3;
    %delay 10, 0;
    %movi 8, 3, 3;
    %set/v v0x10cf410_0, 8, 3;
    %delay 10, 0;
    %movi 8, 6, 3;
    %set/v v0x10cf410_0, 8, 3;
    %delay 10, 0;
    %set/v v0x10cf410_0, 0, 3;
    %movi 8, 1, 8;
    %set/v v0x10cf910_0, 8, 8;
    %delay 10, 0;
    %movi 8, 6, 3;
    %set/v v0x10cf410_0, 8, 3;
    %movi 8, 187, 8;
    %set/v v0x10cf910_0, 8, 8;
    %delay 10, 0;
    %set/v v0x10cf410_0, 0, 3;
    %movi 8, 1, 8;
    %set/v v0x10cf910_0, 8, 8;
    %delay 10, 0;
    %movi 8, 4, 3;
    %set/v v0x10cf410_0, 8, 3;
    %delay 10, 0;
    %set/v v0x10cf410_0, 0, 3;
    %set/v v0x10cf910_0, 0, 8;
    %delay 10, 0;
    %movi 8, 4, 3;
    %set/v v0x10cf410_0, 8, 3;
    %delay 10, 0;
    %set/v v0x10cf410_0, 0, 3;
    %end;
    .thread T_9;
    .scope S_0x1062290;
T_10 ;
    %vpi_call 2 101 "$dumpfile", "dump.vcd";
    %vpi_call 2 102 "$dumpvars", 1'sb0, S_0x105dd90;
    %end;
    .thread T_10;
    .scope S_0x1062290;
T_11 ;
    %delay 500, 0;
    %vpi_call 2 106 "$finish";
    %end;
    .thread T_11;
# The file index is used to find the file name in the following table.
:file_names 11;
    "N/A";
    "<interactive>";
    "testbench.sv";
    "design.sv";
    "./register.sv";
    "./mux1_2.sv";
    "./counter.sv";
    "./control_register.sv";
    "./done_gen.sv";
    "./mux1_3.sv";
    "./instruction_decoder.sv";
